<?xml version="1.0" encoding="UTF-8"?>
<!-- Generated by org.testng.reporters.JUnitXMLReporter -->
<testsuite hostname="DESKTOP-QQEL381" name="Default test" tests="7" failures="0" timestamp="27 Jan 2022 05:13:11 GMT" time="0.051" errors="0">
  <testcase name="iphone" time="0.017" classname="testNg.GroupingExample"/>
  <testcase name="iphone1" time="0.002" classname="testNg.GroupingExample"/>
  <testcase name="iphonex" time="0.002" classname="testNg.GroupingExample"/>
  <testcase name="moto1" time="0.002" classname="testNg.GroupingExample"/>
  <testcase name="moto2" time="0.002" classname="testNg.GroupingExample"/>
  <testcase name="vivo1" time="0.001" classname="testNg.GroupingExample"/>
  <testcase name="vivo2" time="0.0" classname="testNg.GroupingExample"/>
</testsuite> <!-- Default test -->
