<?xml version="1.0" encoding="UTF-8"?>
<!-- Generated by org.testng.reporters.JUnitXMLReporter -->
<testsuite hostname="DESKTOP-QQEL381" name="Test" tests="17" failures="0" timestamp="26 Jan 2022 09:15:20 GMT" time="0.049" errors="0">
  <testcase name="tenth" time="0.026" classname="testNg.DependenciesManagement"/>
  <testcase name="twelth" time="0.004" classname="testNg.DependenciesManagement"/>
  <testcase name="engineering" time="0.002" classname="testNg.DependenciesManagement"/>
  <testcase name="firstTestCase" time="0.001" classname="testNg.SampletestCase"/>
  <testcase name="fourthTestCase" time="0.0" classname="testNg.SampletestCase"/>
  <testcase name="secondtTestCase" time="0.001" classname="testNg.SampletestCase"/>
  <testcase name="thirdTestCase" time="0.0" classname="testNg.SampletestCase"/>
  <testcase name="startcar" time="0.0" classname="testNg.DriveAcar"/>
  <testcase name="firstgear" time="0.0" classname="testNg.DriveAcar"/>
  <testcase name="secondgear" time="0.0" classname="testNg.DriveAcar"/>
  <testcase name="thirdgear" time="0.0" classname="testNg.DriveAcar"/>
  <testcase name="fourthgear" time="0.0" classname="testNg.DriveAcar"/>
  <testcase name="startcar" time="0.0" classname="testNg.SkipaTest"/>
  <testcase name="firstgear" time="0.0" classname="testNg.SkipaTest"/>
  <testcase name="secondgear" time="0.0" classname="testNg.SkipaTest"/>
  <testcase name="thirdgear" time="0.0" classname="testNg.SkipaTest"/>
  <testcase name="fourthgear" time="0.0" classname="testNg.SkipaTest"/>
</testsuite> <!-- Test -->
