<?xml version="1.0" encoding="UTF-8"?>
<testng-results skipped="0" failed="0" total="5" passed="5">
  <reporter-output>
  </reporter-output>
  <suite name="Suite1" duration-ms="44" started-at="2022-01-27T05:53:36Z" finished-at="2022-01-27T05:53:36Z">
    <groups>
      <group name="apple">
        <method signature="GroupingExample.iphone()[pri:0, instance:testNg.GroupingExample@3ab39c39]" name="iphone" class="testNg.GroupingExample"/>
        <method signature="GroupingExample.iphone1()[pri:0, instance:testNg.GroupingExample@3ab39c39]" name="iphone1" class="testNg.GroupingExample"/>
        <method signature="GroupingExample.iphonex()[pri:0, instance:testNg.GroupingExample@3ab39c39]" name="iphonex" class="testNg.GroupingExample"/>
      </group> <!-- apple -->
      <group name="moto">
        <method signature="GroupingExample.moto1()[pri:0, instance:testNg.GroupingExample@3ab39c39]" name="moto1" class="testNg.GroupingExample"/>
        <method signature="GroupingExample.moto2()[pri:0, instance:testNg.GroupingExample@3ab39c39]" name="moto2" class="testNg.GroupingExample"/>
      </group> <!-- moto -->
    </groups>
    <test name="Test" duration-ms="44" started-at="2022-01-27T05:53:36Z" finished-at="2022-01-27T05:53:36Z">
      <class name="testNg.GroupingExample">
        <test-method status="PASS" signature="iphone()[pri:0, instance:testNg.GroupingExample@3ab39c39]" name="iphone" duration-ms="15" started-at="2022-01-27T11:23:36Z" finished-at="2022-01-27T11:23:36Z">
          <reporter-output>
          </reporter-output>
        </test-method> <!-- iphone -->
        <test-method status="PASS" signature="iphone1()[pri:0, instance:testNg.GroupingExample@3ab39c39]" name="iphone1" duration-ms="9" started-at="2022-01-27T11:23:36Z" finished-at="2022-01-27T11:23:36Z">
          <reporter-output>
          </reporter-output>
        </test-method> <!-- iphone1 -->
        <test-method status="PASS" signature="iphonex()[pri:0, instance:testNg.GroupingExample@3ab39c39]" name="iphonex" duration-ms="0" started-at="2022-01-27T11:23:36Z" finished-at="2022-01-27T11:23:36Z">
          <reporter-output>
          </reporter-output>
        </test-method> <!-- iphonex -->
        <test-method status="PASS" signature="moto1()[pri:0, instance:testNg.GroupingExample@3ab39c39]" name="moto1" duration-ms="1" started-at="2022-01-27T11:23:36Z" finished-at="2022-01-27T11:23:36Z">
          <reporter-output>
          </reporter-output>
        </test-method> <!-- moto1 -->
        <test-method status="PASS" signature="moto2()[pri:0, instance:testNg.GroupingExample@3ab39c39]" name="moto2" duration-ms="2" started-at="2022-01-27T11:23:36Z" finished-at="2022-01-27T11:23:36Z">
          <reporter-output>
          </reporter-output>
        </test-method> <!-- moto2 -->
      </class> <!-- testNg.GroupingExample -->
    </test> <!-- Test -->
  </suite> <!-- Suite1 -->
</testng-results>
